<?xml version="1.0" encoding="UTF-8"?>
<!-- Generated by org.testng.reporters.JUnitReportReporter -->
<testsuite hostname="renyi-PC" name="com.zwy.AutoTestDem.writexcel" tests="1" failures="0" timestamp="8 May 2019 09:45:22 GMT" time="4.160" errors="0">
  <testcase name="name" time="4.160" classname="com.zwy.AutoTestDem.writexcel"/>
</testsuite> <!-- com.zwy.AutoTestDem.writexcel -->
