<?xml version="1.0" encoding="UTF-8"?>
<!-- Generated by org.testng.reporters.JUnitReportReporter -->
<testsuite hostname="renyi-PC" name="com.zwy.AutoTestDem.before" tests="1" failures="0" timestamp="23 May 2019 08:58:59 GMT" time="117.512" errors="0">
  <testcase name="name" time="117.512" classname="com.zwy.AutoTestDem.before"/>
</testsuite> <!-- com.zwy.AutoTestDem.before -->
