<?xml version="1.0" encoding="UTF-8"?>
<!-- Generated by org.testng.reporters.JUnitReportReporter -->
<testsuite hostname="renyi-PC" name="com.zwy.AutoTestDem.excel" tests="1" failures="0" timestamp="7 May 2019 10:08:37 GMT" time="1.193" errors="0">
  <testcase name="name" time="1.193" classname="com.zwy.AutoTestDem.excel"/>
</testsuite> <!-- com.zwy.AutoTestDem.excel -->
