<?xml version="1.0" encoding="UTF-8"?>
<!-- Generated by org.testng.reporters.JUnitReportReporter -->
<testsuite hostname="renyi-PC" name="com.zwy.AutoTestDem.before" tests="1" failures="0" timestamp="13 May 2019 10:02:14 GMT" time="16.359" errors="0">
  <testcase name="name" time="16.359" classname="com.zwy.AutoTestDem.before"/>
</testsuite> <!-- com.zwy.AutoTestDem.before -->
