<?xml version="1.0" encoding="UTF-8"?>
<!-- Generated by org.testng.reporters.JUnitReportReporter -->
<testsuite hostname="renyi-PC" name="com.zwy.AutoTestDem.TestBaiduDemo" tests="1" failures="0" timestamp="7 May 2019 08:56:50 GMT" time="0.144" errors="0">
  <testcase name="test" time="0.144" classname="com.zwy.AutoTestDem.TestBaiduDemo"/>
</testsuite> <!-- com.zwy.AutoTestDem.TestBaiduDemo -->
