<?xml version="1.0" encoding="UTF-8" ?>
<testsuite tests="1" failures="0" name="TestSuite" time="55.571" errors="0" skipped="0">
  <properties>
    <property name="java.runtime.name" value="Java(TM) SE Runtime Environment"/>
    <property name="sun.boot.library.path" value="D:\Program Files\Java\jdk1.8.0_131\jre\bin"/>
    <property name="java.vm.version" value="25.131-b11"/>
    <property name="java.vm.vendor" value="Oracle Corporation"/>
    <property name="maven.multiModuleProjectDirectory" value="E:\JavaWork\eclipseWork\AutoTestDem"/>
    <property name="java.vendor.url" value="http://java.oracle.com/"/>
    <property name="path.separator" value=";"/>
    <property name="guice.disable.misplaced.annotation.check" value="true"/>
    <property name="java.vm.name" value="Java HotSpot(TM) 64-Bit Server VM"/>
    <property name="file.encoding.pkg" value="sun.io"/>
    <property name="user.script" value=""/>
    <property name="user.country" value="CN"/>
    <property name="sun.java.launcher" value="SUN_STANDARD"/>
    <property name="sun.os.patch.level" value="Service Pack 1"/>
    <property name="java.vm.specification.name" value="Java Virtual Machine Specification"/>
    <property name="user.dir" value="E:\JavaWork\eclipseWork\AutoTestDem"/>
    <property name="java.runtime.version" value="1.8.0_131-b11"/>
    <property name="java.awt.graphicsenv" value="sun.awt.Win32GraphicsEnvironment"/>
    <property name="java.endorsed.dirs" value="D:\Program Files\Java\jdk1.8.0_131\jre\lib\endorsed"/>
    <property name="os.arch" value="amd64"/>
    <property name="java.io.tmpdir" value="C:\Users\renyi\AppData\Local\Temp\"/>
    <property name="line.separator" value="
"/>
    <property name="java.vm.specification.vendor" value="Oracle Corporation"/>
    <property name="user.variant" value=""/>
    <property name="os.name" value="Windows 7"/>
    <property name="classworlds.conf" value="E:\JavaWork\eclipseWork\.metadata\.plugins\org.eclipse.m2e.launching\launches\m2conf4226210903205902432.tmp"/>
    <property name="sun.jnu.encoding" value="GBK"/>
    <property name="java.library.path" value="D:\Program Files\Java\jdk1.8.0_131\bin;C:\Windows\Sun\Java\bin;C:\Windows\system32;C:\Windows;D:/QQ/java/bin/server;D:/QQ/java/bin;D:/QQ/java/lib/amd64;C:\ProgramData\Oracle\Java\javapath;F:\Program Files\Java\jdk1.7.0_80\bin;E:\app\renyi\product\11.1.0\db_1\bin;.;F:\Program Files\Java\jdk1.7.0_80\bin;F:\Program Files\Java\jdk1.7.0_80\jre\bin;C:\ProgramData\Oracle\Java\javapath;F:\Program Files\Java\jdk1.7.0_80\bin;E:\app\renyi\product\11.1.0\db_1\bin;.;F:\Program Files\Java\jdk1.7.0_80\bin;F:\Program Files\Java\jdk1.7.0_80\jre\bin;C:\ProgramData\Oracle\Java\javapath;F:\Program Files\Java\jdk1.7.0_80\bin;E:\app\renyi\product\11.1.0\db_1\bin;.;F:\Program Files\Java\jdk1.7.0_80\bin;F:\Program Files\Java\jdk1.7.0_80\jre\bin;C:\Windows\System32;C:\Program Files (x86)\NVIDIA Corporation\PhysX\Common;C:\Program Files\Broadcom\Broadcom 802.11 Network Adapter\Driver;C:\Windows\system32;C:\Windows;C:\Windows\System32\Wbem;C:\Windows\System32\WindowsPowerShell\v1.0\;F:\工作软件\bin;D:\;rogram Files (x86)\TortoiseSVN\bin;C:\Program Files\TortoiseSVN\bin;F:\Program Files\Java\jdk1.7.0_80\bin;E:\Users\renyi\AppData\Local\Android\sdk\tools;E:\Users\renyi\AppData\Local\Android\sdk\platform-tools;C:\Users\renyi\AppData\Local\Programs\Python\Python37;C:\Users\renyi\AppData\Local\Programs\Python\Python37\Scripts;C:\Python27\Lib\site-packages\selenium2library-1.0.0\decorator-3.3.3-py2.7.egg;F:\Program Files (x86)\Microsoft SQL Server (x86) (x86)\90\Tools\binn\;F:\Android\android-sdk\tools;D:\Program Files (x86)\Appium\node_modules\.bin;E:\Program Files\nodejs\;E:\Program Files\Android\Android Studio\gradle\gradle-2.14.1\bin;C:\strawberry\c\bin;C:\strawberry\perl\bin;C:\Program Files (x86)\Internet Explorer;F:\apache-maven-3.6.1-bin\apache-maven-3.6.1\bin;f:\Program Files\Git\cmd;C:\Program Files (x86)\NVIDIA Corporation\PhysX\Common;C:\Program Files\Broadcom\Broadcom 802.11 Network Adapter\Driver;C:\Windows\system32;C:\Windows;C:\Windows\System32\Wbem;C:\Windows\System32\WindowsPowerShell\v1.0\;F:\工作软件\bin;D:\;rogram Files (x86)\TortoiseSVN\bin;C:\Program Files\TortoiseSVN\bin;F:\Program Files\Java\jdk1.7.0_80\bin;E:\Users\renyi\AppData\Local\Android\sdk\tools;E:\Users\renyi\AppData\Local\Android\sdk\platform-tools;C:\Users\renyi\AppData\Local\Programs\Python\Python37;C:\Users\renyi\AppData\Local\Programs\Python\Python37\Scripts;C:\Python27\Lib\site-packages\selenium2library-1.0.0\decorator-3.3.3-py2.7.egg;F:\Program Files (x86)\Microsoft SQL Server (x86) (x86)\90\Tools\binn\;F:\Android\android-sdk\tools;D:\Program Files (x86)\Appium\node_modules\.bin;E:\Program Files\nodejs\;E:\Program Files\Android\Android Studio\gradle\gradle-2.14.1\bin;C:\strawberry\c\bin;C:\strawberry\perl\bin;C:\Program Files (x86)\Internet Explorer;F:\apache-maven-3.6.1-bin\apache-maven-3.6.1\bin;f:\Program Files\Git\cmd;C:\Program Files (x86)\NVIDIA Corporation\PhysX\Common;C:\Program Files\Broadcom\Broadcom 802.11 Network Adapter\Driver;C:\Windows\system32;C:\Windows;C:\Windows\System32\Wbem;C:\Windows\System32\WindowsPowerShell\v1.0\;F:\工作软件\bin;D:\;rogram Files (x86)\TortoiseSVN\bin;C:\Program Files\TortoiseSVN\bin;F:\Program Files\Java\jdk1.7.0_80\bin;E:\Users\renyi\AppData\Local\Android\sdk\tools;E:\Users\renyi\AppData\Local\Android\sdk\platform-tools;C:\Users\renyi\AppData\Local\Programs\Python\Python37;C:\Users\renyi\AppData\Local\Programs\Python\Python37\Scripts;C:\Python27\Lib\site-packages\selenium2library-1.0.0\decorator-3.3.3-py2.7.egg;F:\Program Files (x86)\Microsoft SQL Server (x86) (x86)\90\Tools\binn\;F:\Android\android-sdk\tools;D:\Program Files (x86)\Appium\node_modules\.bin;E:\Program Files\nodejs\;E:\Program Files\Android\Android Studio\gradle\gradle-2.14.1\bin;C:\strawberry\c\bin;C:\strawberry\perl\bin;C:\Program Files (x86)\Internet Explorer;F:\apache-maven-3.6.1-bin\apache-maven-3.6.1\bin;f:\Program Files\Git\cmd;C:\Users\renyi\AppData\Local\Programs\Python\Python37\Scripts\;C:\Users\renyi\AppData\Local\Programs\Python\Python37\;.;F:\Program Files\Java\jdk1.7.0_80\bin;C:\Users\renyi\AppData\Roaming\npm;C:\Program Files (x86)\Internet Explorer;C:\Users\renyi\AppData\Local\Programs\Fiddler;F:\软件安装包\工作软件\eclipse\eclipse;;."/>
    <property name="java.specification.name" value="Java Platform API Specification"/>
    <property name="java.class.version" value="52.0"/>
    <property name="sun.management.compiler" value="HotSpot 64-Bit Tiered Compilers"/>
    <property name="os.version" value="6.1"/>
    <property name="user.home" value="C:\Users\renyi"/>
    <property name="user.timezone" value="Asia/Shanghai"/>
    <property name="java.awt.printerjob" value="sun.awt.windows.WPrinterJob"/>
    <property name="java.specification.version" value="1.8"/>
    <property name="file.encoding" value="UTF-8"/>
    <property name="user.name" value="renyi"/>
    <property name="java.class.path" value="F:\apache-maven-3.6.1-bin\apache-maven-3.6.1\boot\plexus-classworlds-2.6.0.jar"/>
    <property name="java.vm.specification.version" value="1.8"/>
    <property name="sun.arch.data.model" value="64"/>
    <property name="java.home" value="D:\Program Files\Java\jdk1.8.0_131\jre"/>
    <property name="sun.java.command" value="org.codehaus.plexus.classworlds.launcher.Launcher -B -s F:\apache-maven-3.6.1-bin\apache-maven-3.6.1\conf\settings.xml test"/>
    <property name="java.specification.vendor" value="Oracle Corporation"/>
    <property name="user.language" value="zh"/>
    <property name="awt.toolkit" value="sun.awt.windows.WToolkit"/>
    <property name="java.vm.info" value="mixed mode"/>
    <property name="java.version" value="1.8.0_131"/>
    <property name="java.ext.dirs" value="D:\Program Files\Java\jdk1.8.0_131\jre\lib\ext;C:\Windows\Sun\Java\lib\ext"/>
    <property name="sun.boot.class.path" value="D:\Program Files\Java\jdk1.8.0_131\jre\lib\resources.jar;D:\Program Files\Java\jdk1.8.0_131\jre\lib\rt.jar;D:\Program Files\Java\jdk1.8.0_131\jre\lib\sunrsasign.jar;D:\Program Files\Java\jdk1.8.0_131\jre\lib\jsse.jar;D:\Program Files\Java\jdk1.8.0_131\jre\lib\jce.jar;D:\Program Files\Java\jdk1.8.0_131\jre\lib\charsets.jar;D:\Program Files\Java\jdk1.8.0_131\jre\lib\jfr.jar;D:\Program Files\Java\jdk1.8.0_131\jre\classes"/>
    <property name="java.vendor" value="Oracle Corporation"/>
    <property name="maven.home" value="F:\apache-maven-3.6.1-bin\apache-maven-3.6.1"/>
    <property name="file.separator" value="\"/>
    <property name="java.vendor.url.bug" value="http://bugreport.sun.com/bugreport/"/>
    <property name="sun.cpu.endian" value="little"/>
    <property name="sun.io.unicode.encoding" value="UnicodeLittle"/>
    <property name="sun.desktop" value="windows"/>
    <property name="sun.cpu.isalist" value="amd64"/>
  </properties>
  <testcase classname="com.zwy.AutoTestDem.beforeTest" name="name" time="55.571"/>
</testsuite>