<?xml version="1.0" encoding="UTF-8"?>
<!-- Generated by org.testng.reporters.JUnitReportReporter -->
<testsuite hostname="renyi-PC" name="com.zwy.AutoTestDem.beforeTest" tests="1" failures="0" timestamp="23 May 2019 09:19:04 GMT" time="55.570" errors="0">
  <testcase name="name" time="55.570" classname="com.zwy.AutoTestDem.beforeTest"/>
</testsuite> <!-- com.zwy.AutoTestDem.beforeTest -->
